빌드 시작: 2021-04-14 오후 9:29:11
     1>2 노드의 "H:\혼자 만들어본애들\6-8갖고놀기\6-8갖고놀기\6-8갖고놀기.vcxproj" 프로젝트(build 대상)입니다.
     1>InitializeBuildStatus:
         "AlwaysCreate"이(가) 지정되었기 때문에 "Debug\6-8갖고놀기.unsuccessfulbuild"을(를) 만들고 있습니다.
       ClCompile:
         C:\Program Files (x86)\Microsoft Visual Studio 10.0\VC\bin\CL.exe /c /ZI /nologo /W3 /WX- /Od /Oy- /D WIN32 /D _DEBUG /D _CONSOLE /D _UNICODE /D UNICODE /Gm /EHsc /RTC1 /MDd /GS /fp:precise /Zc:wchar_t /Zc:forScope /Fo"Debug\\" /Fd"Debug\vc100.pdb" /Gd /TC /analyze- /errorReport:prompt "6-8delay.c"
         6-8delay.c
     1>h:\혼자 만들어본애들\6-8갖고놀기\6-8갖고놀기\6-8delay.c(26): warning C4996: '_sleep': This function or variable has been superceded by newer library or operating system functionality. Consider using Sleep instead. See online help for details.
                 c:\program files (x86)\microsoft visual studio 10.0\vc\include\stdlib.h(843) : '_sleep' 선언을 참조하십시오.
       ManifestResourceCompile:
         모든 출력이 최신 상태입니다.
       Link:
         C:\Program Files (x86)\Microsoft Visual Studio 10.0\VC\bin\link.exe /ERRORREPORT:PROMPT /OUT:"H:\혼자 만들어본애들\6-8갖고놀기\Debug\6-8갖고놀기.exe" /INCREMENTAL /NOLOGO kernel32.lib user32.lib gdi32.lib winspool.lib comdlg32.lib advapi32.lib shell32.lib ole32.lib oleaut32.lib uuid.lib odbc32.lib odbccp32.lib /MANIFEST /ManifestFile:"Debug\6-8갖고놀기.exe.intermediate.manifest" /MANIFESTUAC:"level='asInvoker' uiAccess='false'" /DEBUG /PDB:"H:\혼자 만들어본애들\6-8갖고놀기\Debug\6-8갖고놀기.pdb" /SUBSYSTEM:CONSOLE /TLBID:1 /DYNAMICBASE /NXCOMPAT /IMPLIB:"H:\혼자 만들어본애들\6-8갖고놀기\Debug\6-8갖고놀기.lib" /MACHINE:X86 "Debug\6-8갖고놀기.exe.embed.manifest.res"
         "Debug\6-8delay.obj"
       Manifest:
         C:\Program Files (x86)\Microsoft SDKs\Windows\v7.0A\bin\mt.exe /nologo /verbose /out:"Debug\6-8갖고놀기.exe.embed.manifest" /manifest "Debug\6-8갖고놀기.exe.intermediate.manifest"
         모든 출력이 최신 상태입니다.
       LinkEmbedManifest:
         모든 출력이 최신 상태입니다.
         6-8갖고놀기.vcxproj -> H:\혼자 만들어본애들\6-8갖고놀기\Debug\6-8갖고놀기.exe
       FinalizeBuildStatus:
         "Debug\6-8갖고놀기.unsuccessfulbuild" 파일을 삭제하고 있습니다.
         "Debug\6-8갖고놀기.lastbuildstate"에 연결(touching)하고 있습니다.
     1>"H:\혼자 만들어본애들\6-8갖고놀기\6-8갖고놀기\6-8갖고놀기.vcxproj" 프로젝트를 빌드했습니다(build 대상).

빌드했습니다.

경과 시간: 00:00:05.64
