빌드 시작: 2021-11-08 오전 10:35:44
     1>2 노드의 "C:\Users\COMTREE\Desktop\day7\day7\day7.vcxproj" 프로젝트(build 대상)입니다.
     1>InitializeBuildStatus:
         "AlwaysCreate"이(가) 지정되었기 때문에 "Debug\day7.unsuccessfulbuild"을(를) 만들고 있습니다.
       ClCompile:
         모든 출력이 최신 상태입니다.
         C:\Program Files (x86)\Microsoft Visual Studio 10.0\VC\bin\CL.exe /c /ZI /nologo /W3 /WX- /Od /Oy- /D WIN32 /D _WINDOWS /D _DEBUG /D _UNICODE /D UNICODE /D _AFXDLL /Gm /EHsc /RTC1 /MDd /GS /fp:precise /Zc:wchar_t /Zc:forScope /Yu"StdAfx.h" /Fp"Debug\day7.pch" /Fo"Debug\\" /Fd"Debug\vc100.pdb" /Gd /TP /analyze- /errorReport:prompt day7Dlg.cpp
         day7Dlg.cpp
       ResourceCompile:
         모든 출력이 최신 상태입니다.
       ManifestResourceCompile:
         모든 출력이 최신 상태입니다.
       Link:
         C:\Program Files (x86)\Microsoft Visual Studio 10.0\VC\bin\link.exe /ERRORREPORT:PROMPT /OUT:"C:\Users\COMTREE\Desktop\day7\Debug\day7.exe" /INCREMENTAL /NOLOGO /MANIFEST /ManifestFile:"Debug\day7.exe.intermediate.manifest" /MANIFESTUAC:"level='asInvoker' uiAccess='false'" /DEBUG /PDB:"C:\Users\COMTREE\Desktop\day7\Debug\day7.pdb" /SUBSYSTEM:WINDOWS /TLBID:1 /ENTRY:"wWinMainCRTStartup" /DYNAMICBASE /NXCOMPAT /IMPLIB:"C:\Users\COMTREE\Desktop\day7\Debug\day7.lib" /MACHINE:X86 Debug\day7.res
         Debug\day7.exe.embed.manifest.res
         Debug\day7.obj
         Debug\day7Dlg.obj
         Debug\stdafx.obj
       Manifest:
         c:\Program Files (x86)\Microsoft SDKs\Windows\v7.0A\bin\mt.exe /nologo /verbose /out:"Debug\day7.exe.embed.manifest" /manifest Debug\day7.exe.intermediate.manifest "C:\Program Files (x86)\Microsoft Visual Studio 10.0\VC\Include\Manifest\dpiaware.manifest"
         모든 출력이 최신 상태입니다.
       LinkEmbedManifest:
         모든 출력이 최신 상태입니다.
         day7.vcxproj -> C:\Users\COMTREE\Desktop\day7\Debug\day7.exe
       FinalizeBuildStatus:
         "Debug\day7.unsuccessfulbuild" 파일을 삭제하고 있습니다.
         "Debug\day7.lastbuildstate"에 연결(touching)하고 있습니다.
     1>"C:\Users\COMTREE\Desktop\day7\day7\day7.vcxproj" 프로젝트를 빌드했습니다(build 대상).

빌드했습니다.

경과 시간: 00:00:00.37
