빌드 시작: 2021-10-13 오후 3:58:13
     1>2 노드의 "C:\Users\Hnamju\Desktop\5\day5\day5\day5.vcxproj" 프로젝트(build 대상)입니다.
     1>PrepareForBuild:
         "C:\Users\Hnamju\Desktop\5\day5\Debug\" 디렉터리를 만들고 있습니다.
       InitializeBuildStatus:
         "AlwaysCreate"이(가) 지정되었기 때문에 "Debug\day5.unsuccessfulbuild"을(를) 만들고 있습니다.
       ClCompile:
         C:\Program Files (x86)\Microsoft Visual Studio 10.0\VC\bin\CL.exe /c /ZI /nologo /W3 /WX- /Od /Oy- /D WIN32 /D _WINDOWS /D _DEBUG /D _UNICODE /D UNICODE /D _AFXDLL /Gm /EHsc /RTC1 /MDd /GS /fp:precise /Zc:wchar_t /Zc:forScope /Yc"StdAfx.h" /Fp"Debug\day5.pch" /Fo"Debug\\" /Fd"Debug\vc100.pdb" /Gd /TP /analyze- /errorReport:prompt stdafx.cpp
         stdafx.cpp
         C:\Program Files (x86)\Microsoft Visual Studio 10.0\VC\bin\CL.exe /c /ZI /nologo /W3 /WX- /Od /Oy- /D WIN32 /D _WINDOWS /D _DEBUG /D _UNICODE /D UNICODE /D _AFXDLL /Gm /EHsc /RTC1 /MDd /GS /fp:precise /Zc:wchar_t /Zc:forScope /Yu"StdAfx.h" /Fp"Debug\day5.pch" /Fo"Debug\\" /Fd"Debug\vc100.pdb" /Gd /TP /analyze- /errorReport:prompt day5.cpp day5Dlg.cpp MsgDlg.cpp
         MsgDlg.cpp
     1>c:\users\hnamju\desktop\5\day5\day5\resource.h(18): warning C4005: 'IDCANCEL' : 매크로 재정의
                 c:\program files (x86)\microsoft sdks\windows\v7.0a\include\winuser.h(9293) : 'IDCANCEL'의 이전 정의를 참조하십시오.
         day5Dlg.cpp
     1>c:\users\hnamju\desktop\5\day5\day5\resource.h(18): warning C4005: 'IDCANCEL' : 매크로 재정의
                 c:\program files (x86)\microsoft sdks\windows\v7.0a\include\winuser.h(9293) : 'IDCANCEL'의 이전 정의를 참조하십시오.
         day5.cpp
     1>c:\users\hnamju\desktop\5\day5\day5\resource.h(18): warning C4005: 'IDCANCEL' : 매크로 재정의
                 c:\program files (x86)\microsoft sdks\windows\v7.0a\include\winuser.h(9293) : 'IDCANCEL'의 이전 정의를 참조하십시오.
         코드를 생성하고 있습니다...
       ResourceCompile:
         C:\Program Files (x86)\Microsoft SDKs\Windows\v7.0A\bin\rc.exe /D _DEBUG /D _UNICODE /D UNICODE /D _AFXDLL /l"0x0412" /IDebug\ /nologo /fo"Debug\day5.res" day5.rc 
     1>C:\Program Files (x86)\Microsoft SDKs\Windows\v7.0A\include\winuser.rh(1328): warning RC4005: 'IDCANCEL' : redefinition
         
       ManifestResourceCompile:
         C:\Program Files (x86)\Microsoft SDKs\Windows\v7.0A\bin\rc.exe /nologo /fo"Debug\day5.exe.embed.manifest.res" Debug\day5_manifest.rc 
       Link:
         C:\Program Files (x86)\Microsoft Visual Studio 10.0\VC\bin\link.exe /ERRORREPORT:PROMPT /OUT:"C:\Users\Hnamju\Desktop\5\day5\Debug\day5.exe" /INCREMENTAL /NOLOGO /MANIFEST /ManifestFile:"Debug\day5.exe.intermediate.manifest" /MANIFESTUAC:"level='asInvoker' uiAccess='false'" /DEBUG /PDB:"C:\Users\Hnamju\Desktop\5\day5\Debug\day5.pdb" /SUBSYSTEM:WINDOWS /TLBID:1 /ENTRY:"wWinMainCRTStartup" /DYNAMICBASE /NXCOMPAT /IMPLIB:"C:\Users\Hnamju\Desktop\5\day5\Debug\day5.lib" /MACHINE:X86 Debug\day5.res
         Debug\day5.exe.embed.manifest.res
         Debug\day5.obj
         Debug\day5Dlg.obj
         Debug\MsgDlg.obj
         Debug\stdafx.obj
       Manifest:
         C:\Program Files (x86)\Microsoft SDKs\Windows\v7.0A\bin\mt.exe /nologo /verbose /out:"Debug\day5.exe.embed.manifest" /manifest Debug\day5.exe.intermediate.manifest "C:\Program Files (x86)\Microsoft Visual Studio 10.0\VC\Include\Manifest\dpiaware.manifest"
         C:\Program Files (x86)\Microsoft SDKs\Windows\v7.0A\bin\rc.exe /nologo /fo"Debug\day5.exe.embed.manifest.res" Debug\day5_manifest.rc 
       LinkEmbedManifest:
         C:\Program Files (x86)\Microsoft Visual Studio 10.0\VC\bin\link.exe /ERRORREPORT:PROMPT /OUT:"C:\Users\Hnamju\Desktop\5\day5\Debug\day5.exe" /INCREMENTAL /NOLOGO /MANIFEST /ManifestFile:"Debug\day5.exe.intermediate.manifest" /MANIFESTUAC:"level='asInvoker' uiAccess='false'" /DEBUG /PDB:"C:\Users\Hnamju\Desktop\5\day5\Debug\day5.pdb" /SUBSYSTEM:WINDOWS /TLBID:1 /ENTRY:"wWinMainCRTStartup" /DYNAMICBASE /NXCOMPAT /IMPLIB:"C:\Users\Hnamju\Desktop\5\day5\Debug\day5.lib" /MACHINE:X86 Debug\day5.res
         Debug\day5.exe.embed.manifest.res
         Debug\day5.obj
         Debug\day5Dlg.obj
         Debug\MsgDlg.obj
         Debug\stdafx.obj
         day5.vcxproj -> C:\Users\Hnamju\Desktop\5\day5\Debug\day5.exe
       FinalizeBuildStatus:
         "Debug\day5.unsuccessfulbuild" 파일을 삭제하고 있습니다.
         "Debug\day5.lastbuildstate"에 연결(touching)하고 있습니다.
     1>"C:\Users\Hnamju\Desktop\5\day5\day5\day5.vcxproj" 프로젝트를 빌드했습니다(build 대상).

빌드했습니다.

경과 시간: 00:00:03.55
