빌드 시작: 2021-12-13 오전 11:02:08
     1>2 노드의 "C:\Users\COMTREE\Desktop\final\final\final.vcxproj" 프로젝트(build 대상)입니다.
     1>InitializeBuildStatus:
         "Debug\final.unsuccessfulbuild"에 연결(touching)하고 있습니다.
       ClCompile:
         모든 출력이 최신 상태입니다.
         C:\Program Files (x86)\Microsoft Visual Studio 10.0\VC\bin\CL.exe /c /ZI /nologo /W3 /WX- /Od /Oy- /D WIN32 /D _WINDOWS /D _DEBUG /D _UNICODE /D UNICODE /D _AFXDLL /Gm /EHsc /RTC1 /MDd /GS /fp:precise /Zc:wchar_t /Zc:forScope /Yu"StdAfx.h" /Fp"Debug\final.pch" /Fo"Debug\\" /Fd"Debug\vc100.pdb" /Gd /TP /analyze- /errorReport:prompt USERDlg.cpp final.cpp finalDlg.cpp
         USERDlg.cpp
         코드를 생성하고 있습니다...
         건너뛰고 있습니다... (관련된 변경 내용 없음)
         finalDlg.cpp
         final.cpp
       ResourceCompile:
         모든 출력이 최신 상태입니다.
       ManifestResourceCompile:
         모든 출력이 최신 상태입니다.
       Link:
         C:\Program Files (x86)\Microsoft Visual Studio 10.0\VC\bin\link.exe /ERRORREPORT:PROMPT /OUT:"C:\Users\COMTREE\Desktop\final\Debug\final.exe" /INCREMENTAL /NOLOGO /MANIFEST /ManifestFile:"Debug\final.exe.intermediate.manifest" /MANIFESTUAC:"level='asInvoker' uiAccess='false'" /DEBUG /PDB:"C:\Users\COMTREE\Desktop\final\Debug\final.pdb" /SUBSYSTEM:WINDOWS /TLBID:1 /ENTRY:"wWinMainCRTStartup" /DYNAMICBASE /NXCOMPAT /IMPLIB:"C:\Users\COMTREE\Desktop\final\Debug\final.lib" /MACHINE:X86 Debug\final.res
         Debug\final.exe.embed.manifest.res
         Debug\final.obj
         Debug\finalDlg.obj
         Debug\stdafx.obj
         Debug\USERDlg.obj
       Manifest:
         c:\Program Files (x86)\Microsoft SDKs\Windows\v7.0A\bin\mt.exe /nologo /verbose /out:"Debug\final.exe.embed.manifest" /manifest Debug\final.exe.intermediate.manifest "C:\Program Files (x86)\Microsoft Visual Studio 10.0\VC\Include\Manifest\dpiaware.manifest"
         모든 출력이 최신 상태입니다.
       LinkEmbedManifest:
         모든 출력이 최신 상태입니다.
         final.vcxproj -> C:\Users\COMTREE\Desktop\final\Debug\final.exe
       FinalizeBuildStatus:
         "Debug\final.unsuccessfulbuild" 파일을 삭제하고 있습니다.
         "Debug\final.lastbuildstate"에 연결(touching)하고 있습니다.
     1>"C:\Users\COMTREE\Desktop\final\final\final.vcxproj" 프로젝트를 빌드했습니다(build 대상).

빌드했습니다.

경과 시간: 00:00:00.39
